[debug] [2024-06-04T05:52:38.512Z] ----------------------------------------------------------------------
[debug] [2024-06-04T05:52:38.514Z] Command:       C:\Program Files\nodejs\node.exe C:\Users\parwe\AppData\Roaming\npm\node_modules\firebase-tools\lib\bin\firebase.js init
[debug] [2024-06-04T05:52:38.515Z] CLI Version:   13.10.2
[debug] [2024-06-04T05:52:38.515Z] Platform:      win32
[debug] [2024-06-04T05:52:38.515Z] Node Version:  v18.18.0
[debug] [2024-06-04T05:52:38.516Z] Time:          Tue Jun 04 2024 11:22:38 GMT+0530 (India Standard Time)
[debug] [2024-06-04T05:52:38.516Z] ----------------------------------------------------------------------
[debug] 
[debug] [2024-06-04T05:52:38.524Z] > command requires scopes: ["email","openid","https://www.googleapis.com/auth/cloudplatformprojects.readonly","https://www.googleapis.com/auth/firebase","https://www.googleapis.com/auth/cloud-platform"]
[debug] [2024-06-04T05:52:38.524Z] > authorizing via signed-in user (parweenshania@gmail.com)
[info] 
     ######## #### ########  ######## ########     ###     ######  ########
     ##        ##  ##     ## ##       ##     ##  ##   ##  ##       ##
     ######    ##  ########  ######   ########  #########  ######  ######
     ##        ##  ##    ##  ##       ##     ## ##     ##       ## ##
     ##       #### ##     ## ######## ########  ##     ##  ######  ########

You're about to initialize a Firebase project in this directory:

  C:\Users\parwe\OneDrive\Desktop\Newsletter-Signup\page-sage\page-sage

[info] 
=== Project Setup
[info] 
[info] First, let's associate this project directory with a Firebase project.
[info] You can create multiple project aliases by running firebase use --add, 
[info] but for now we'll just set up a default project.
[info] 
[debug] [2024-06-04T05:52:53.253Z] >>> [apiv2][query] GET https://firebase.googleapis.com/v1beta1/projects pageSize=100
[debug] [2024-06-04T05:52:54.547Z] <<< [apiv2][status] GET https://firebase.googleapis.com/v1beta1/projects 200
[debug] [2024-06-04T05:52:54.548Z] <<< [apiv2][body] GET https://firebase.googleapis.com/v1beta1/projects [omitted]
[info] i  Using project pagesage-ec0de (PageSage) 
[info] 
=== Hosting Setup
[debug] [2024-06-04T06:30:23.432Z] >>> [apiv2][query] GET https://firebase.googleapis.com/v1beta1/projects/pagesage-ec0de [none]
[debug] [2024-06-04T06:30:24.546Z] <<< [apiv2][status] GET https://firebase.googleapis.com/v1beta1/projects/pagesage-ec0de 200
[debug] [2024-06-04T06:30:24.546Z] <<< [apiv2][body] GET https://firebase.googleapis.com/v1beta1/projects/pagesage-ec0de {"projectId":"pagesage-ec0de","projectNumber":"1071610416135","displayName":"PageSage","name":"projects/pagesage-ec0de","resources":{"hostingSite":"pagesage-ec0de"},"state":"ACTIVE","etag":"1_3efe19a9-1272-4d5a-ae09-a413ac4929e8"}
[info] 
[info] Your public directory is the folder (relative to your project directory) that
[info] will contain Hosting assets to be uploaded with firebase deploy. If you
[info] have a build process for your assets, use your build's output directory.
[info] 
